<?xml version="1.0" encoding="UTF-8"?>
<!-- Generated by org.testng.reporters.JUnitXMLReporter -->
<testsuite ignored="0" hostname="SIVA-SAMSUNGS3" failures="0" tests="20" name="Surefire test" time="24.868" errors="0" timestamp="12 Oct 2021 20:12:33 GMT">
  <testcase classname="com.simplilearn.capstoneproject.FoodBoxATAppln.tests.foodmenuPageTest" name="clickAddToCart" time="3.448"/>
  <testcase classname="com.simplilearn.capstoneproject.FoodBoxATAppln.tests.foodmenuPageTest" name="clickCuisine" time="1.072"/>
  <testcase classname="com.simplilearn.capstoneproject.FoodBoxATAppln.tests.foodmenuPageTest" name="clickRedirectToCartPage" time="1.648"/>
  <testcase classname="com.simplilearn.capstoneproject.FoodBoxATAppln.tests.homePageTest" name="clickandvalidateFoodMenuLink" time="0.658"/>
  <testcase classname="com.simplilearn.capstoneproject.FoodBoxATAppln.tests.homePageTest" name="clickandvalidateLoginLink" time="0.708"/>
  <testcase classname="com.simplilearn.capstoneproject.FoodBoxATAppln.tests.homePageTest" name="clickandvalidateSignupLink" time="0.641"/>
  <testcase classname="com.simplilearn.capstoneproject.FoodBoxATAppln.tests.loginPageTest" name="validateAdminLoginWithValidCreds" time="0.881"/>
  <testcase classname="com.simplilearn.capstoneproject.FoodBoxATAppln.tests.loginPageTest" name="validateUserLoginWithInValidCreds" time="0.949"/>
  <testcase classname="com.simplilearn.capstoneproject.FoodBoxATAppln.tests.loginPageTest" name="validateUserLoginWithValidCreds" time="0.769"/>
  <testcase classname="com.simplilearn.capstoneproject.FoodBoxATAppln.tests.managecuisinesPageTest" name="addnewCuisine" time="0.956"/>
  <testcase classname="com.simplilearn.capstoneproject.FoodBoxATAppln.tests.newfoodAddPageTest" name="validateFoodname" time="1.77"/>
  <testcase classname="com.simplilearn.capstoneproject.FoodBoxATAppln.tests.newfoodAddPageTest" name="validateFoodprice" time="1.853"/>
  <testcase classname="com.simplilearn.capstoneproject.FoodBoxATAppln.tests.pwdchangePageTest" name="validateFoodname" time="1.106"/>
  <testcase classname="com.simplilearn.capstoneproject.FoodBoxATAppln.tests.shoppingcartPageTest" name="clickCheckout" time="0.873"/>
  <testcase classname="com.simplilearn.capstoneproject.FoodBoxATAppln.tests.shoppingcartPageTest" name="incQtyandCheck" time="0.93"/>
  <testcase classname="com.simplilearn.capstoneproject.FoodBoxATAppln.tests.signupPageTest" name="registerValidateAddress" time="1.591"/>
  <testcase classname="com.simplilearn.capstoneproject.FoodBoxATAppln.tests.signupPageTest" name="registerValidateContactNo" time="1.685"/>
  <testcase classname="com.simplilearn.capstoneproject.FoodBoxATAppln.tests.foodmenuPageTest" name="searchFooditem" time="1.207"/>
  <testcase classname="com.simplilearn.capstoneproject.FoodBoxATAppln.tests.managecuisinesPageTest" name="addExistingCuisine" time="0.803"/>
  <testcase classname="com.simplilearn.capstoneproject.FoodBoxATAppln.tests.shoppingcartPageTest" name="decrQtyandCheck" time="1.246"/>
</testsuite> <!-- Surefire test -->
