<?xml version="1.0" encoding="UTF-8"?>
<!-- Generated by org.testng.reporters.JUnitXMLReporter -->
<testsuite ignored="0" hostname="SIVA-SAMSUNGS3" failures="0" tests="20" name="Surefire test" time="21.272" errors="0" timestamp="15 Oct 2021 06:03:53 GMT">
  <testcase classname="com.simplilearn.capstoneproject.FoodBoxATAppln.tests.foodmenuPageTest" name="clickAddToCart" time="3.677"/>
  <testcase classname="com.simplilearn.capstoneproject.FoodBoxATAppln.tests.foodmenuPageTest" name="clickCuisine" time="0.687"/>
  <testcase classname="com.simplilearn.capstoneproject.FoodBoxATAppln.tests.foodmenuPageTest" name="clickRedirectToCartPage" time="0.786"/>
  <testcase classname="com.simplilearn.capstoneproject.FoodBoxATAppln.tests.homePageTest" name="clickandvalidateFoodMenuLink" time="0.539"/>
  <testcase classname="com.simplilearn.capstoneproject.FoodBoxATAppln.tests.homePageTest" name="clickandvalidateLoginLink" time="0.692"/>
  <testcase classname="com.simplilearn.capstoneproject.FoodBoxATAppln.tests.homePageTest" name="clickandvalidateSignupLink" time="0.502"/>
  <testcase classname="com.simplilearn.capstoneproject.FoodBoxATAppln.tests.loginPageTest" name="validateAdminLoginWithValidCreds" time="0.767"/>
  <testcase classname="com.simplilearn.capstoneproject.FoodBoxATAppln.tests.loginPageTest" name="validateUserLoginWithInValidCreds" time="0.802"/>
  <testcase classname="com.simplilearn.capstoneproject.FoodBoxATAppln.tests.loginPageTest" name="validateUserLoginWithValidCreds" time="0.774"/>
  <testcase classname="com.simplilearn.capstoneproject.FoodBoxATAppln.tests.managecuisinesPageTest" name="addnewCuisine" time="0.67"/>
  <testcase classname="com.simplilearn.capstoneproject.FoodBoxATAppln.tests.newfoodAddPageTest" name="validateFoodname" time="1.665"/>
  <testcase classname="com.simplilearn.capstoneproject.FoodBoxATAppln.tests.newfoodAddPageTest" name="validateFoodprice" time="1.529"/>
  <testcase classname="com.simplilearn.capstoneproject.FoodBoxATAppln.tests.pwdchangePageTest" name="updatePwdTest" time="1.04"/>
  <testcase classname="com.simplilearn.capstoneproject.FoodBoxATAppln.tests.shoppingcartPageTest" name="clickCheckout" time="0.73"/>
  <testcase classname="com.simplilearn.capstoneproject.FoodBoxATAppln.tests.shoppingcartPageTest" name="incQtyandCheck" time="0.737"/>
  <testcase classname="com.simplilearn.capstoneproject.FoodBoxATAppln.tests.signupPageTest" name="registerValidateAddress" time="1.457"/>
  <testcase classname="com.simplilearn.capstoneproject.FoodBoxATAppln.tests.signupPageTest" name="registerValidateContactNo" time="1.594"/>
  <testcase classname="com.simplilearn.capstoneproject.FoodBoxATAppln.tests.foodmenuPageTest" name="searchFooditem" time="0.951"/>
  <testcase classname="com.simplilearn.capstoneproject.FoodBoxATAppln.tests.managecuisinesPageTest" name="addExistingCuisine" time="0.764"/>
  <testcase classname="com.simplilearn.capstoneproject.FoodBoxATAppln.tests.shoppingcartPageTest" name="decrQtyandCheck" time="0.852"/>
</testsuite> <!-- Surefire test -->
