<?xml version="1.0" encoding="UTF-8"?>
<testsuite xmlns:xsi="http://www.w3.org/2001/XMLSchema-instance" xsi:noNamespaceSchemaLocation="https://maven.apache.org/surefire/maven-surefire-plugin/xsd/surefire-test-report.xsd" name="TestSuite" time="28.846" tests="20" errors="0" skipped="0" failures="0">
  <properties>
[...]
</properties>
  <testcase name="clickAddToCart" classname="com.simplilearn.capstoneproject.FoodBoxATAppln.tests.foodmenuPageTest" time="3.451"/>
  <testcase name="clickCuisine" classname="com.simplilearn.capstoneproject.FoodBoxATAppln.tests.foodmenuPageTest" time="1.068"/>
  <testcase name="clickRedirectToCartPage" classname="com.simplilearn.capstoneproject.FoodBoxATAppln.tests.foodmenuPageTest" time="1.647"/>
  <testcase name="clickandvalidateFoodMenuLink" classname="com.simplilearn.capstoneproject.FoodBoxATAppln.tests.homePageTest" time="0.656"/>
  <testcase name="clickandvalidateLoginLink" classname="com.simplilearn.capstoneproject.FoodBoxATAppln.tests.homePageTest" time="0.708"/>
  <testcase name="clickandvalidateSignupLink" classname="com.simplilearn.capstoneproject.FoodBoxATAppln.tests.homePageTest" time="0.642"/>
  <testcase name="validateAdminLoginWithValidCreds" classname="com.simplilearn.capstoneproject.FoodBoxATAppln.tests.loginPageTest" time="0.882"/>
  <testcase name="validateUserLoginWithInValidCreds" classname="com.simplilearn.capstoneproject.FoodBoxATAppln.tests.loginPageTest" time="0.948"/>
  <testcase name="validateUserLoginWithValidCreds" classname="com.simplilearn.capstoneproject.FoodBoxATAppln.tests.loginPageTest" time="0.773"/>
  <testcase name="addnewCuisine" classname="com.simplilearn.capstoneproject.FoodBoxATAppln.tests.managecuisinesPageTest" time="0.955"/>
  <testcase name="validateFoodname" classname="com.simplilearn.capstoneproject.FoodBoxATAppln.tests.newfoodAddPageTest" time="1.77"/>
  <testcase name="validateFoodprice" classname="com.simplilearn.capstoneproject.FoodBoxATAppln.tests.newfoodAddPageTest" time="1.854"/>
  <testcase name="validateFoodname" classname="com.simplilearn.capstoneproject.FoodBoxATAppln.tests.pwdchangePageTest" time="1.107"/>
  <testcase name="clickCheckout" classname="com.simplilearn.capstoneproject.FoodBoxATAppln.tests.shoppingcartPageTest" time="0.874"/>
  <testcase name="incQtyandCheck" classname="com.simplilearn.capstoneproject.FoodBoxATAppln.tests.shoppingcartPageTest" time="0.93"/>
  <testcase name="registerValidateAddress" classname="com.simplilearn.capstoneproject.FoodBoxATAppln.tests.signupPageTest" time="1.592"/>
  <testcase name="registerValidateContactNo" classname="com.simplilearn.capstoneproject.FoodBoxATAppln.tests.signupPageTest" time="1.686"/>
  <testcase name="searchFooditem" classname="com.simplilearn.capstoneproject.FoodBoxATAppln.tests.foodmenuPageTest" time="1.207"/>
  <testcase name="addExistingCuisine" classname="com.simplilearn.capstoneproject.FoodBoxATAppln.tests.managecuisinesPageTest" time="0.802"/>
  <testcase name="decrQtyandCheck" classname="com.simplilearn.capstoneproject.FoodBoxATAppln.tests.shoppingcartPageTest" time="1.245"/>
</testsuite>