<?xml version="1.0" encoding="UTF-8"?>
<testsuite xmlns:xsi="http://www.w3.org/2001/XMLSchema-instance" xsi:noNamespaceSchemaLocation="https://maven.apache.org/surefire/maven-surefire-plugin/xsd/surefire-test-report.xsd" name="TestSuite" time="25.035" tests="20" errors="0" skipped="0" failures="0">
  <properties>
[...]
</properties>
  <testcase name="clickAddToCart" classname="com.simplilearn.capstoneproject.FoodBoxATAppln.tests.foodmenuPageTest" time="3.679"/>
  <testcase name="clickCuisine" classname="com.simplilearn.capstoneproject.FoodBoxATAppln.tests.foodmenuPageTest" time="0.684"/>
  <testcase name="clickRedirectToCartPage" classname="com.simplilearn.capstoneproject.FoodBoxATAppln.tests.foodmenuPageTest" time="0.786"/>
  <testcase name="clickandvalidateFoodMenuLink" classname="com.simplilearn.capstoneproject.FoodBoxATAppln.tests.homePageTest" time="0.54"/>
  <testcase name="clickandvalidateLoginLink" classname="com.simplilearn.capstoneproject.FoodBoxATAppln.tests.homePageTest" time="0.693"/>
  <testcase name="clickandvalidateSignupLink" classname="com.simplilearn.capstoneproject.FoodBoxATAppln.tests.homePageTest" time="0.502"/>
  <testcase name="validateAdminLoginWithValidCreds" classname="com.simplilearn.capstoneproject.FoodBoxATAppln.tests.loginPageTest" time="0.766"/>
  <testcase name="validateUserLoginWithInValidCreds" classname="com.simplilearn.capstoneproject.FoodBoxATAppln.tests.loginPageTest" time="0.802"/>
  <testcase name="validateUserLoginWithValidCreds" classname="com.simplilearn.capstoneproject.FoodBoxATAppln.tests.loginPageTest" time="0.781"/>
  <testcase name="addnewCuisine" classname="com.simplilearn.capstoneproject.FoodBoxATAppln.tests.managecuisinesPageTest" time="0.669"/>
  <testcase name="validateFoodname" classname="com.simplilearn.capstoneproject.FoodBoxATAppln.tests.newfoodAddPageTest" time="1.666"/>
  <testcase name="validateFoodprice" classname="com.simplilearn.capstoneproject.FoodBoxATAppln.tests.newfoodAddPageTest" time="1.53"/>
  <testcase name="updatePwdTest" classname="com.simplilearn.capstoneproject.FoodBoxATAppln.tests.pwdchangePageTest" time="1.041"/>
  <testcase name="clickCheckout" classname="com.simplilearn.capstoneproject.FoodBoxATAppln.tests.shoppingcartPageTest" time="0.731"/>
  <testcase name="incQtyandCheck" classname="com.simplilearn.capstoneproject.FoodBoxATAppln.tests.shoppingcartPageTest" time="0.737"/>
  <testcase name="registerValidateAddress" classname="com.simplilearn.capstoneproject.FoodBoxATAppln.tests.signupPageTest" time="1.458"/>
  <testcase name="registerValidateContactNo" classname="com.simplilearn.capstoneproject.FoodBoxATAppln.tests.signupPageTest" time="1.595"/>
  <testcase name="searchFooditem" classname="com.simplilearn.capstoneproject.FoodBoxATAppln.tests.foodmenuPageTest" time="0.95"/>
  <testcase name="addExistingCuisine" classname="com.simplilearn.capstoneproject.FoodBoxATAppln.tests.managecuisinesPageTest" time="0.765"/>
  <testcase name="decrQtyandCheck" classname="com.simplilearn.capstoneproject.FoodBoxATAppln.tests.shoppingcartPageTest" time="0.852"/>
</testsuite>